<?xml version="1.0" encoding="UTF-8"?>
<testsuite name="tests.ExampleUsage" tests="1" skipped="0" failures="0" errors="0" timestamp="2024-05-27T21:34:54" hostname="Hrishikeshs-MacBook-Pro.local" time="0.011">
  <properties/>
  <testcase name="main()" classname="tests.ExampleUsage" time="0.011"/>
  <system-out><![CDATA[]]></system-out>
  <system-err><![CDATA[]]></system-err>
</testsuite>
